This file contains any messages produced by compilers while
running configure, to aid debugging if configure makes a mistake.

It was created by highlander configure 0.9.93, which was
generated by GNU Autoconf 2.63.  Invocation command line was

  $ ./configure 

## --------- ##
## Platform. ##
## --------- ##

hostname = server
uname -m = i686
uname -r = 2.6.29-gentoo-r5boa
uname -s = Linux
uname -v = #8 SMP Tue Jun 9 21:06:13 CEST 2009

/usr/bin/uname -p = Intel(R) Pentium(R) 4 CPU 3.20GHz
/bin/uname -X     = unknown

/bin/arch              = unknown
/usr/bin/arch -k       = unknown
/usr/convex/getsysinfo = unknown
/usr/bin/hostinfo      = unknown
/bin/machine           = unknown
/usr/bin/oslevel       = unknown
/bin/universe          = unknown

PATH: .
PATH: /usr/local/bin
PATH: /usr/bin
PATH: /bin
PATH: /opt/bin
PATH: /usr/i486-pc-linux-gnu/gcc-bin/4.3.4
PATH: /usr/games/bin
PATH: /home/boa/bin
PATH: /home/boa/src/main/build
PATH: /tandberg/system/bin
PATH: /sbin
PATH: /usr/sbin
PATH: /usr/local/sbin


## ----------- ##
## Core tests. ##
## ----------- ##

configure:1872: checking for a BSD-compatible install
configure:1940: result: /usr/bin/install -c
configure:1951: checking whether build environment is sane
configure:2011: result: yes
configure:2152: checking for a thread-safe mkdir -p
configure:2191: result: /usr/bin/mkdir -p
configure:2204: checking for gawk
configure:2220: found /usr/bin/gawk
configure:2231: result: gawk
configure:2242: checking whether make sets $(MAKE)
configure:2264: result: yes
configure:2394: checking for ranlib
configure:2410: found /usr/bin/ranlib
configure:2421: result: ranlib
configure:2491: checking for gcc
configure:2507: found /usr/bin/gcc
configure:2518: result: gcc
configure:2750: checking for C compiler version
configure:2758: gcc --version >&5
gcc (Gentoo 4.3.4 p1.0, pie-10.1.5) 4.3.4
Copyright (C) 2008 Free Software Foundation, Inc.
This is free software; see the source for copying conditions.  There is NO
warranty; not even for MERCHANTABILITY or FITNESS FOR A PARTICULAR PURPOSE.

configure:2762: $? = 0
configure:2769: gcc -v >&5
Using built-in specs.
Target: i486-pc-linux-gnu
Configured with: /var/tmp/portage/sys-devel/gcc-4.3.4/work/gcc-4.3.4/configure --prefix=/usr --bindir=/usr/i486-pc-linux-gnu/gcc-bin/4.3.4 --includedir=/usr/lib/gcc/i486-pc-linux-gnu/4.3.4/include --datadir=/usr/share/gcc-data/i486-pc-linux-gnu/4.3.4 --mandir=/usr/share/gcc-data/i486-pc-linux-gnu/4.3.4/man --infodir=/usr/share/gcc-data/i486-pc-linux-gnu/4.3.4/info --with-gxx-include-dir=/usr/lib/gcc/i486-pc-linux-gnu/4.3.4/include/g++-v4 --host=i486-pc-linux-gnu --build=i486-pc-linux-gnu --disable-altivec --disable-fixed-point --enable-nls --without-included-gettext --with-system-zlib --disable-checking --disable-werror --enable-secureplt --disable-multilib --disable-libmudflap --disable-libssp --disable-libgomp --enable-cld --disable-libgcj --with-arch=i486 --enable-languages=c,c++,treelang --enable-shared --enable-threads=posix --enable-__cxa_atexit --enable-clocale=gnu --with-bugurl=http://bugs.gentoo.org/ --with-pkgversion='Gentoo 4.3.4 p1.0, pie-10.1.5'
Thread model: posix
gcc version 4.3.4 (Gentoo 4.3.4 p1.0, pie-10.1.5) 
configure:2773: $? = 0
configure:2780: gcc -V >&5
gcc: '-V' option must have argument
configure:2784: $? = 1
configure:2807: checking for C compiler default output file name
configure:2829: gcc    conftest.c  >&5
configure:2833: $? = 0
configure:2871: result: a.out
configure:2890: checking whether the C compiler works
configure:2900: ./a.out
configure:2904: $? = 0
configure:2923: result: yes
configure:2930: checking whether we are cross compiling
configure:2932: result: no
configure:2935: checking for suffix of executables
configure:2942: gcc -o conftest    conftest.c  >&5
configure:2946: $? = 0
configure:2972: result: 
configure:2978: checking for suffix of object files
configure:3004: gcc -c   conftest.c >&5
configure:3008: $? = 0
configure:3033: result: o
configure:3037: checking whether we are using the GNU C compiler
configure:3066: gcc -c   conftest.c >&5
configure:3073: $? = 0
configure:3090: result: yes
configure:3099: checking whether gcc accepts -g
configure:3129: gcc -c -g  conftest.c >&5
configure:3136: $? = 0
configure:3237: result: yes
configure:3254: checking for gcc option to accept ISO C89
configure:3328: gcc  -c -g -O2  conftest.c >&5
configure:3335: $? = 0
configure:3358: result: none needed
configure:3387: checking for style of include used by make
configure:3415: result: GNU
configure:3440: checking dependency style of gcc
configure:3550: result: gcc3
configure:3566: checking whether gcc and cc understand -c and -o together
configure:3601: gcc -c conftest.c -o conftest2.o >&5
configure:3605: $? = 0
configure:3611: gcc -c conftest.c -o conftest2.o >&5
configure:3615: $? = 0
configure:3626: cc -c conftest.c >&5
configure:3630: $? = 0
configure:3638: cc -c conftest.c -o conftest2.o >&5
configure:3642: $? = 0
configure:3648: cc -c conftest.c -o conftest2.o >&5
configure:3652: $? = 0
configure:3670: result: yes
configure:3690: checking how to run the C preprocessor
configure:3730: gcc -E  conftest.c
configure:3737: $? = 0
configure:3768: gcc -E  conftest.c
conftest.c:10:28: error: ac_nonexistent.h: No such file or directory
configure:3775: $? = 1
configure: failed program was:
| /* confdefs.h.  */
| #define PACKAGE_NAME "highlander"
| #define PACKAGE_TARNAME "highlander"
| #define PACKAGE_VERSION "0.9.93"
| #define PACKAGE_STRING "highlander 0.9.93"
| #define PACKAGE_BUGREPORT "bjorn.augestad@gmail.com"
| #define PACKAGE "highlander"
| #define VERSION "0.9.93"
| /* end confdefs.h.  */
| #include <ac_nonexistent.h>
configure:3808: result: gcc -E
configure:3837: gcc -E  conftest.c
configure:3844: $? = 0
configure:3875: gcc -E  conftest.c
conftest.c:10:28: error: ac_nonexistent.h: No such file or directory
configure:3882: $? = 1
configure: failed program was:
| /* confdefs.h.  */
| #define PACKAGE_NAME "highlander"
| #define PACKAGE_TARNAME "highlander"
| #define PACKAGE_VERSION "0.9.93"
| #define PACKAGE_STRING "highlander 0.9.93"
| #define PACKAGE_BUGREPORT "bjorn.augestad@gmail.com"
| #define PACKAGE "highlander"
| #define VERSION "0.9.93"
| /* end confdefs.h.  */
| #include <ac_nonexistent.h>
configure:3922: checking for grep that handles long lines and -e
configure:3982: result: /bin/grep
configure:3987: checking for egrep
configure:4051: result: /bin/grep -E
configure:4056: checking for ANSI C header files
configure:4086: gcc -c -g -O2  conftest.c >&5
configure:4093: $? = 0
configure:4192: gcc -o conftest -g -O2   conftest.c  >&5
configure:4196: $? = 0
configure:4202: ./conftest
configure:4206: $? = 0
configure:4224: result: yes
configure:4248: checking for sys/types.h
configure:4269: gcc -c -g -O2  conftest.c >&5
configure:4276: $? = 0
configure:4293: result: yes
configure:4248: checking for sys/stat.h
configure:4269: gcc -c -g -O2  conftest.c >&5
configure:4276: $? = 0
configure:4293: result: yes
configure:4248: checking for stdlib.h
configure:4269: gcc -c -g -O2  conftest.c >&5
configure:4276: $? = 0
configure:4293: result: yes
configure:4248: checking for string.h
configure:4269: gcc -c -g -O2  conftest.c >&5
configure:4276: $? = 0
configure:4293: result: yes
configure:4248: checking for memory.h
configure:4269: gcc -c -g -O2  conftest.c >&5
configure:4276: $? = 0
configure:4293: result: yes
configure:4248: checking for strings.h
configure:4269: gcc -c -g -O2  conftest.c >&5
configure:4276: $? = 0
configure:4293: result: yes
configure:4248: checking for inttypes.h
configure:4269: gcc -c -g -O2  conftest.c >&5
configure:4276: $? = 0
configure:4293: result: yes
configure:4248: checking for stdint.h
configure:4269: gcc -c -g -O2  conftest.c >&5
configure:4276: $? = 0
configure:4293: result: yes
configure:4248: checking for unistd.h
configure:4269: gcc -c -g -O2  conftest.c >&5
configure:4276: $? = 0
configure:4293: result: yes
configure:4330: checking arpa/inet.h usability
configure:4347: gcc -c -g -O2  conftest.c >&5
configure:4354: $? = 0
configure:4368: result: yes
configure:4372: checking arpa/inet.h presence
configure:4387: gcc -E  conftest.c
configure:4394: $? = 0
configure:4408: result: yes
configure:4441: checking for arpa/inet.h
configure:4450: result: yes
configure:4330: checking fcntl.h usability
configure:4347: gcc -c -g -O2  conftest.c >&5
configure:4354: $? = 0
configure:4368: result: yes
configure:4372: checking fcntl.h presence
configure:4387: gcc -E  conftest.c
configure:4394: $? = 0
configure:4408: result: yes
configure:4441: checking for fcntl.h
configure:4450: result: yes
configure:4330: checking limits.h usability
configure:4347: gcc -c -g -O2  conftest.c >&5
configure:4354: $? = 0
configure:4368: result: yes
configure:4372: checking limits.h presence
configure:4387: gcc -E  conftest.c
configure:4394: $? = 0
configure:4408: result: yes
configure:4441: checking for limits.h
configure:4450: result: yes
configure:4330: checking netdb.h usability
configure:4347: gcc -c -g -O2  conftest.c >&5
configure:4354: $? = 0
configure:4368: result: yes
configure:4372: checking netdb.h presence
configure:4387: gcc -E  conftest.c
configure:4394: $? = 0
configure:4408: result: yes
configure:4441: checking for netdb.h
configure:4450: result: yes
configure:4330: checking netinet/in.h usability
configure:4347: gcc -c -g -O2  conftest.c >&5
configure:4354: $? = 0
configure:4368: result: yes
configure:4372: checking netinet/in.h presence
configure:4387: gcc -E  conftest.c
configure:4394: $? = 0
configure:4408: result: yes
configure:4441: checking for netinet/in.h
configure:4450: result: yes
configure:4330: checking sys/socket.h usability
configure:4347: gcc -c -g -O2  conftest.c >&5
configure:4354: $? = 0
configure:4368: result: yes
configure:4372: checking sys/socket.h presence
configure:4387: gcc -E  conftest.c
configure:4394: $? = 0
configure:4408: result: yes
configure:4441: checking for sys/socket.h
configure:4450: result: yes
configure:4330: checking syslog.h usability
configure:4347: gcc -c -g -O2  conftest.c >&5
configure:4354: $? = 0
configure:4368: result: yes
configure:4372: checking syslog.h presence
configure:4387: gcc -E  conftest.c
configure:4394: $? = 0
configure:4408: result: yes
configure:4441: checking for syslog.h
configure:4450: result: yes
configure:4319: checking for unistd.h
configure:4326: result: yes
configure:4467: checking for an ANSI C-conforming const
configure:4542: gcc -c -g -O2  conftest.c >&5
configure:4549: $? = 0
configure:4564: result: yes
configure:4574: checking for inline
configure:4600: gcc -c -g -O2  conftest.c >&5
configure:4607: $? = 0
configure:4625: result: inline
configure:4644: checking for mode_t
configure:4672: gcc -c -g -O2  conftest.c >&5
configure:4679: $? = 0
configure:4706: gcc -c -g -O2  conftest.c >&5
conftest.c: In function 'main':
conftest.c:64: error: expected expression before ')' token
configure:4713: $? = 1
configure: failed program was:
| /* confdefs.h.  */
| #define PACKAGE_NAME "highlander"
| #define PACKAGE_TARNAME "highlander"
| #define PACKAGE_VERSION "0.9.93"
| #define PACKAGE_STRING "highlander 0.9.93"
| #define PACKAGE_BUGREPORT "bjorn.augestad@gmail.com"
| #define PACKAGE "highlander"
| #define VERSION "0.9.93"
| #define STDC_HEADERS 1
| #define HAVE_SYS_TYPES_H 1
| #define HAVE_SYS_STAT_H 1
| #define HAVE_STDLIB_H 1
| #define HAVE_STRING_H 1
| #define HAVE_MEMORY_H 1
| #define HAVE_STRINGS_H 1
| #define HAVE_INTTYPES_H 1
| #define HAVE_STDINT_H 1
| #define HAVE_UNISTD_H 1
| #define HAVE_ARPA_INET_H 1
| #define HAVE_FCNTL_H 1
| #define HAVE_LIMITS_H 1
| #define HAVE_NETDB_H 1
| #define HAVE_NETINET_IN_H 1
| #define HAVE_SYS_SOCKET_H 1
| #define HAVE_SYSLOG_H 1
| #define HAVE_UNISTD_H 1
| /* end confdefs.h.  */
| #include <stdio.h>
| #ifdef HAVE_SYS_TYPES_H
| # include <sys/types.h>
| #endif
| #ifdef HAVE_SYS_STAT_H
| # include <sys/stat.h>
| #endif
| #ifdef STDC_HEADERS
| # include <stdlib.h>
| # include <stddef.h>
| #else
| # ifdef HAVE_STDLIB_H
| #  include <stdlib.h>
| # endif
| #endif
| #ifdef HAVE_STRING_H
| # if !defined STDC_HEADERS && defined HAVE_MEMORY_H
| #  include <memory.h>
| # endif
| # include <string.h>
| #endif
| #ifdef HAVE_STRINGS_H
| # include <strings.h>
| #endif
| #ifdef HAVE_INTTYPES_H
| # include <inttypes.h>
| #endif
| #ifdef HAVE_STDINT_H
| # include <stdint.h>
| #endif
| #ifdef HAVE_UNISTD_H
| # include <unistd.h>
| #endif
| int
| main ()
| {
| if (sizeof ((mode_t)))
| 	  return 0;
|   ;
|   return 0;
| }
configure:4736: result: yes
configure:4748: checking for pid_t
configure:4776: gcc -c -g -O2  conftest.c >&5
configure:4783: $? = 0
configure:4810: gcc -c -g -O2  conftest.c >&5
conftest.c: In function 'main':
conftest.c:64: error: expected expression before ')' token
configure:4817: $? = 1
configure: failed program was:
| /* confdefs.h.  */
| #define PACKAGE_NAME "highlander"
| #define PACKAGE_TARNAME "highlander"
| #define PACKAGE_VERSION "0.9.93"
| #define PACKAGE_STRING "highlander 0.9.93"
| #define PACKAGE_BUGREPORT "bjorn.augestad@gmail.com"
| #define PACKAGE "highlander"
| #define VERSION "0.9.93"
| #define STDC_HEADERS 1
| #define HAVE_SYS_TYPES_H 1
| #define HAVE_SYS_STAT_H 1
| #define HAVE_STDLIB_H 1
| #define HAVE_STRING_H 1
| #define HAVE_MEMORY_H 1
| #define HAVE_STRINGS_H 1
| #define HAVE_INTTYPES_H 1
| #define HAVE_STDINT_H 1
| #define HAVE_UNISTD_H 1
| #define HAVE_ARPA_INET_H 1
| #define HAVE_FCNTL_H 1
| #define HAVE_LIMITS_H 1
| #define HAVE_NETDB_H 1
| #define HAVE_NETINET_IN_H 1
| #define HAVE_SYS_SOCKET_H 1
| #define HAVE_SYSLOG_H 1
| #define HAVE_UNISTD_H 1
| /* end confdefs.h.  */
| #include <stdio.h>
| #ifdef HAVE_SYS_TYPES_H
| # include <sys/types.h>
| #endif
| #ifdef HAVE_SYS_STAT_H
| # include <sys/stat.h>
| #endif
| #ifdef STDC_HEADERS
| # include <stdlib.h>
| # include <stddef.h>
| #else
| # ifdef HAVE_STDLIB_H
| #  include <stdlib.h>
| # endif
| #endif
| #ifdef HAVE_STRING_H
| # if !defined STDC_HEADERS && defined HAVE_MEMORY_H
| #  include <memory.h>
| # endif
| # include <string.h>
| #endif
| #ifdef HAVE_STRINGS_H
| # include <strings.h>
| #endif
| #ifdef HAVE_INTTYPES_H
| # include <inttypes.h>
| #endif
| #ifdef HAVE_STDINT_H
| # include <stdint.h>
| #endif
| #ifdef HAVE_UNISTD_H
| # include <unistd.h>
| #endif
| int
| main ()
| {
| if (sizeof ((pid_t)))
| 	  return 0;
|   ;
|   return 0;
| }
configure:4840: result: yes
configure:4852: checking for size_t
configure:4880: gcc -c -g -O2  conftest.c >&5
configure:4887: $? = 0
configure:4914: gcc -c -g -O2  conftest.c >&5
conftest.c: In function 'main':
conftest.c:64: error: expected expression before ')' token
configure:4921: $? = 1
configure: failed program was:
| /* confdefs.h.  */
| #define PACKAGE_NAME "highlander"
| #define PACKAGE_TARNAME "highlander"
| #define PACKAGE_VERSION "0.9.93"
| #define PACKAGE_STRING "highlander 0.9.93"
| #define PACKAGE_BUGREPORT "bjorn.augestad@gmail.com"
| #define PACKAGE "highlander"
| #define VERSION "0.9.93"
| #define STDC_HEADERS 1
| #define HAVE_SYS_TYPES_H 1
| #define HAVE_SYS_STAT_H 1
| #define HAVE_STDLIB_H 1
| #define HAVE_STRING_H 1
| #define HAVE_MEMORY_H 1
| #define HAVE_STRINGS_H 1
| #define HAVE_INTTYPES_H 1
| #define HAVE_STDINT_H 1
| #define HAVE_UNISTD_H 1
| #define HAVE_ARPA_INET_H 1
| #define HAVE_FCNTL_H 1
| #define HAVE_LIMITS_H 1
| #define HAVE_NETDB_H 1
| #define HAVE_NETINET_IN_H 1
| #define HAVE_SYS_SOCKET_H 1
| #define HAVE_SYSLOG_H 1
| #define HAVE_UNISTD_H 1
| /* end confdefs.h.  */
| #include <stdio.h>
| #ifdef HAVE_SYS_TYPES_H
| # include <sys/types.h>
| #endif
| #ifdef HAVE_SYS_STAT_H
| # include <sys/stat.h>
| #endif
| #ifdef STDC_HEADERS
| # include <stdlib.h>
| # include <stddef.h>
| #else
| # ifdef HAVE_STDLIB_H
| #  include <stdlib.h>
| # endif
| #endif
| #ifdef HAVE_STRING_H
| # if !defined STDC_HEADERS && defined HAVE_MEMORY_H
| #  include <memory.h>
| # endif
| # include <string.h>
| #endif
| #ifdef HAVE_STRINGS_H
| # include <strings.h>
| #endif
| #ifdef HAVE_INTTYPES_H
| # include <inttypes.h>
| #endif
| #ifdef HAVE_STDINT_H
| # include <stdint.h>
| #endif
| #ifdef HAVE_UNISTD_H
| # include <unistd.h>
| #endif
| int
| main ()
| {
| if (sizeof ((size_t)))
| 	  return 0;
|   ;
|   return 0;
| }
configure:4944: result: yes
configure:4956: checking whether struct tm is in sys/time.h or time.h
configure:4986: gcc -c -g -O2  conftest.c >&5
configure:4993: $? = 0
configure:5008: result: time.h
configure:5020: checking whether lstat dereferences a symlink specified with a trailing slash
configure:5056: gcc -o conftest -g -O2   conftest.c  >&5
configure:5060: $? = 0
configure:5066: ./conftest
configure:5070: $? = 0
configure:5094: result: yes
configure:5113: checking whether stat accepts an empty string
configure:5143: gcc -o conftest -g -O2   conftest.c  >&5
configure:5147: $? = 0
configure:5153: ./conftest
configure:5157: $? = 0
configure:5174: result: no
configure:5194: checking for strftime
configure:5250: gcc -o conftest -g -O2   conftest.c  >&5
conftest.c:52: warning: conflicting types for built-in function 'strftime'
configure:5257: $? = 0
configure:5279: result: yes
configure:5376: checking for strerror_r
configure:5432: gcc -o conftest -g -O2   conftest.c  >&5
configure:5439: $? = 0
configure:5461: result: yes
configure:5376: checking for inet_ntop
configure:5432: gcc -o conftest -g -O2   conftest.c  >&5
configure:5439: $? = 0
configure:5461: result: yes
configure:5376: checking for localtime_r
configure:5432: gcc -o conftest -g -O2   conftest.c  >&5
configure:5439: $? = 0
configure:5461: result: yes
configure:5376: checking for socket
configure:5432: gcc -o conftest -g -O2   conftest.c  >&5
configure:5439: $? = 0
configure:5461: result: yes
configure:5376: checking for strerror
configure:5432: gcc -o conftest -g -O2   conftest.c  >&5
configure:5439: $? = 0
configure:5461: result: yes
configure:5376: checking for strtol
configure:5432: gcc -o conftest -g -O2   conftest.c  >&5
configure:5439: $? = 0
configure:5461: result: yes
configure:5376: checking for sendfile
configure:5432: gcc -o conftest -g -O2   conftest.c  >&5
configure:5439: $? = 0
configure:5461: result: yes
configure:5646: creating ./config.status

## ---------------------- ##
## Running config.status. ##
## ---------------------- ##

This file was extended by highlander config.status 0.9.93, which was
generated by GNU Autoconf 2.63.  Invocation command line was

  CONFIG_FILES    = 
  CONFIG_HEADERS  = 
  CONFIG_LINKS    = 
  CONFIG_COMMANDS = 
  $ ./config.status 

on server

config.status:697: creating Makefile
config.status:908: executing depfiles commands

## ---------------- ##
## Cache variables. ##
## ---------------- ##

ac_cv_c_compiler_gnu=yes
ac_cv_c_const=yes
ac_cv_c_inline=inline
ac_cv_env_CC_set=
ac_cv_env_CC_value=
ac_cv_env_CFLAGS_set=
ac_cv_env_CFLAGS_value=
ac_cv_env_CPPFLAGS_set=
ac_cv_env_CPPFLAGS_value=
ac_cv_env_CPP_set=
ac_cv_env_CPP_value=
ac_cv_env_LDFLAGS_set=
ac_cv_env_LDFLAGS_value=
ac_cv_env_LIBS_set=
ac_cv_env_LIBS_value=
ac_cv_env_build_alias_set=
ac_cv_env_build_alias_value=
ac_cv_env_host_alias_set=
ac_cv_env_host_alias_value=
ac_cv_env_target_alias_set=
ac_cv_env_target_alias_value=
ac_cv_func_inet_ntop=yes
ac_cv_func_localtime_r=yes
ac_cv_func_lstat_dereferences_slashed_symlink=yes
ac_cv_func_sendfile=yes
ac_cv_func_socket=yes
ac_cv_func_stat_empty_string_bug=no
ac_cv_func_strerror=yes
ac_cv_func_strerror_r=yes
ac_cv_func_strftime=yes
ac_cv_func_strtol=yes
ac_cv_header_arpa_inet_h=yes
ac_cv_header_fcntl_h=yes
ac_cv_header_inttypes_h=yes
ac_cv_header_limits_h=yes
ac_cv_header_memory_h=yes
ac_cv_header_netdb_h=yes
ac_cv_header_netinet_in_h=yes
ac_cv_header_stdc=yes
ac_cv_header_stdint_h=yes
ac_cv_header_stdlib_h=yes
ac_cv_header_string_h=yes
ac_cv_header_strings_h=yes
ac_cv_header_sys_socket_h=yes
ac_cv_header_sys_stat_h=yes
ac_cv_header_sys_types_h=yes
ac_cv_header_syslog_h=yes
ac_cv_header_unistd_h=yes
ac_cv_objext=o
ac_cv_path_EGREP='/bin/grep -E'
ac_cv_path_GREP=/bin/grep
ac_cv_path_install='/usr/bin/install -c'
ac_cv_path_mkdir=/usr/bin/mkdir
ac_cv_prog_AWK=gawk
ac_cv_prog_CPP='gcc -E'
ac_cv_prog_ac_ct_CC=gcc
ac_cv_prog_ac_ct_RANLIB=ranlib
ac_cv_prog_cc_c89=
ac_cv_prog_cc_g=yes
ac_cv_prog_cc_gcc_c_o=yes
ac_cv_prog_make_make_set=yes
ac_cv_struct_tm=time.h
ac_cv_type_mode_t=yes
ac_cv_type_pid_t=yes
ac_cv_type_size_t=yes
am_cv_CC_dependencies_compiler_type=gcc3

## ----------------- ##
## Output variables. ##
## ----------------- ##

ACLOCAL='${SHELL} /home/boa/src/meta/highlander/extras/missing --run aclocal-1.11'
AMDEPBACKSLASH='\'
AMDEP_FALSE='#'
AMDEP_TRUE=''
AMTAR='${SHELL} /home/boa/src/meta/highlander/extras/missing --run tar'
AUTOCONF='${SHELL} /home/boa/src/meta/highlander/extras/missing --run autoconf'
AUTOHEADER='${SHELL} /home/boa/src/meta/highlander/extras/missing --run autoheader'
AUTOMAKE='${SHELL} /home/boa/src/meta/highlander/extras/missing --run automake-1.11'
AWK='gawk'
CC='gcc'
CCDEPMODE='depmode=gcc3'
CFLAGS='-g -O2'
CPP='gcc -E'
CPPFLAGS=''
CYGPATH_W='echo'
DEFS='-DPACKAGE_NAME=\"highlander\" -DPACKAGE_TARNAME=\"highlander\" -DPACKAGE_VERSION=\"0.9.93\" -DPACKAGE_STRING=\"highlander\ 0.9.93\" -DPACKAGE_BUGREPORT=\"bjorn.augestad@gmail.com\" -DPACKAGE=\"highlander\" -DVERSION=\"0.9.93\" -DSTDC_HEADERS=1 -DHAVE_SYS_TYPES_H=1 -DHAVE_SYS_STAT_H=1 -DHAVE_STDLIB_H=1 -DHAVE_STRING_H=1 -DHAVE_MEMORY_H=1 -DHAVE_STRINGS_H=1 -DHAVE_INTTYPES_H=1 -DHAVE_STDINT_H=1 -DHAVE_UNISTD_H=1 -DHAVE_ARPA_INET_H=1 -DHAVE_FCNTL_H=1 -DHAVE_LIMITS_H=1 -DHAVE_NETDB_H=1 -DHAVE_NETINET_IN_H=1 -DHAVE_SYS_SOCKET_H=1 -DHAVE_SYSLOG_H=1 -DHAVE_UNISTD_H=1 -DLSTAT_FOLLOWS_SLASHED_SYMLINK=1 -DHAVE_STRFTIME=1 -DHAVE_STRERROR_R=1 -DHAVE_INET_NTOP=1 -DHAVE_LOCALTIME_R=1 -DHAVE_SOCKET=1 -DHAVE_STRERROR=1 -DHAVE_STRTOL=1 -DHAVE_SENDFILE=1'
DEPDIR='.deps'
ECHO_C=''
ECHO_N='-n'
ECHO_T=''
EGREP='/bin/grep -E'
EXEEXT=''
GREP='/bin/grep'
INSTALL_DATA='${INSTALL} -m 644'
INSTALL_PROGRAM='${INSTALL}'
INSTALL_SCRIPT='${INSTALL}'
INSTALL_STRIP_PROGRAM='$(install_sh) -c -s'
LDFLAGS=''
LIBOBJS=''
LIBS=''
LTLIBOBJS=''
MAKEINFO='${SHELL} /home/boa/src/meta/highlander/extras/missing --run makeinfo'
MKDIR_P='/usr/bin/mkdir -p'
OBJEXT='o'
PACKAGE='highlander'
PACKAGE_BUGREPORT='bjorn.augestad@gmail.com'
PACKAGE_NAME='highlander'
PACKAGE_STRING='highlander 0.9.93'
PACKAGE_TARNAME='highlander'
PACKAGE_VERSION='0.9.93'
PATH_SEPARATOR=':'
RANLIB='ranlib'
SET_MAKE=''
SHELL='/bin/sh'
STRIP=''
VERSION='0.9.93'
ac_ct_CC='gcc'
am__EXEEXT_FALSE=''
am__EXEEXT_TRUE='#'
am__fastdepCC_FALSE='#'
am__fastdepCC_TRUE=''
am__include='include'
am__isrc=''
am__leading_dot='.'
am__quote=''
am__tar='${AMTAR} chof - "$$tardir"'
am__untar='${AMTAR} xf -'
bindir='${exec_prefix}/bin'
build_alias=''
datadir='${datarootdir}'
datarootdir='${prefix}/share'
docdir='${datarootdir}/doc/${PACKAGE_TARNAME}'
dvidir='${docdir}'
exec_prefix='${prefix}'
host_alias=''
htmldir='${docdir}'
includedir='${prefix}/include'
infodir='${datarootdir}/info'
install_sh='${SHELL} /home/boa/src/meta/highlander/extras/install-sh'
libdir='${exec_prefix}/lib'
libexecdir='${exec_prefix}/libexec'
localedir='${datarootdir}/locale'
localstatedir='${prefix}/var'
mandir='${datarootdir}/man'
mkdir_p='/usr/bin/mkdir -p'
oldincludedir='/usr/include'
pdfdir='${docdir}'
prefix='/usr/local'
program_transform_name='s,x,x,'
psdir='${docdir}'
sbindir='${exec_prefix}/sbin'
sharedstatedir='${prefix}/com'
sysconfdir='${prefix}/etc'
target_alias=''

## ----------- ##
## confdefs.h. ##
## ----------- ##

#define PACKAGE_NAME "highlander"
#define PACKAGE_TARNAME "highlander"
#define PACKAGE_VERSION "0.9.93"
#define PACKAGE_STRING "highlander 0.9.93"
#define PACKAGE_BUGREPORT "bjorn.augestad@gmail.com"
#define PACKAGE "highlander"
#define VERSION "0.9.93"
#define STDC_HEADERS 1
#define HAVE_SYS_TYPES_H 1
#define HAVE_SYS_STAT_H 1
#define HAVE_STDLIB_H 1
#define HAVE_STRING_H 1
#define HAVE_MEMORY_H 1
#define HAVE_STRINGS_H 1
#define HAVE_INTTYPES_H 1
#define HAVE_STDINT_H 1
#define HAVE_UNISTD_H 1
#define HAVE_ARPA_INET_H 1
#define HAVE_FCNTL_H 1
#define HAVE_LIMITS_H 1
#define HAVE_NETDB_H 1
#define HAVE_NETINET_IN_H 1
#define HAVE_SYS_SOCKET_H 1
#define HAVE_SYSLOG_H 1
#define HAVE_UNISTD_H 1
#define LSTAT_FOLLOWS_SLASHED_SYMLINK 1
#define HAVE_STRFTIME 1
#define HAVE_STRERROR_R 1
#define HAVE_INET_NTOP 1
#define HAVE_LOCALTIME_R 1
#define HAVE_SOCKET 1
#define HAVE_STRERROR 1
#define HAVE_STRTOL 1
#define HAVE_SENDFILE 1

configure: exit 0
